[0.169s] DEBUG:colcon:Command line arguments: ['/usr/bin/colcon', 'build', '--packages-select', 'prob_rob_labs']
[0.169s] DEBUG:colcon:Parsed command line arguments: Namespace(log_base=None, log_level=None, verb_name='build', build_base='build', install_base='install', merge_install=False, symlink_install=False, test_result_base=None, continue_on_error=False, executor='parallel', parallel_workers=20, event_handlers=None, ignore_user_meta=False, metas=['./colcon.meta'], base_paths=['.'], packages_ignore=None, packages_ignore_regex=None, paths=None, packages_up_to=None, packages_up_to_regex=None, packages_above=None, packages_above_and_dependencies=None, packages_above_depth=None, packages_select_by_dep=None, packages_skip_by_dep=None, packages_skip_up_to=None, packages_select_build_failed=False, packages_skip_build_finished=False, packages_select_test_failures=False, packages_skip_test_passed=False, packages_select=['prob_rob_labs'], packages_skip=None, packages_select_regex=None, packages_skip_regex=None, packages_start=None, packages_end=None, allow_overriding=[], cmake_args=None, cmake_target=None, cmake_target_skip_unavailable=False, cmake_clean_cache=False, cmake_clean_first=False, cmake_force_configure=False, ament_cmake_args=None, catkin_cmake_args=None, catkin_skip_building_tests=False, mixin_files=None, mixin=None, verb_parser=<colcon_mixin.mixin.mixin_argument.MixinArgumentDecorator object at 0x7f1ad174eef0>, verb_extension=<colcon_core.verb.build.BuildVerb object at 0x7f1ad18c3e80>, main=<bound method BuildVerb.main of <colcon_core.verb.build.BuildVerb object at 0x7f1ad18c3e80>>, mixin_verb=('build',))
[0.401s] Level 1:colcon.colcon_core.package_discovery:discover_packages(colcon_meta) check parameters
[0.401s] Level 1:colcon.colcon_core.package_discovery:discover_packages(recursive) check parameters
[0.401s] Level 1:colcon.colcon_core.package_discovery:discover_packages(ignore) check parameters
[0.401s] Level 1:colcon.colcon_core.package_discovery:discover_packages(path) check parameters
[0.401s] Level 1:colcon.colcon_core.package_discovery:discover_packages(colcon_meta) discover
[0.401s] Level 1:colcon.colcon_core.package_discovery:discover_packages(recursive) discover
[0.401s] INFO:colcon.colcon_core.package_discovery:Crawling recursively for packages in '/run/host/workdir/local_dk3397/ros2_ws/src/prob_rob_labs_ros_2/prob_rob_labs/src'
[0.401s] Level 1:colcon.colcon_core.package_identification:_identify(.) by extensions ['ignore', 'ignore_ament_install']
[0.402s] Level 1:colcon.colcon_core.package_identification:_identify(.) by extension 'ignore'
[0.402s] Level 1:colcon.colcon_core.package_identification:_identify(.) by extension 'ignore_ament_install'
[0.402s] Level 1:colcon.colcon_core.package_identification:_identify(.) by extensions ['colcon_pkg']
[0.402s] Level 1:colcon.colcon_core.package_identification:_identify(.) by extension 'colcon_pkg'
[0.402s] Level 1:colcon.colcon_core.package_identification:_identify(.) by extensions ['colcon_meta']
[0.402s] Level 1:colcon.colcon_core.package_identification:_identify(.) by extension 'colcon_meta'
[0.402s] Level 1:colcon.colcon_core.package_identification:_identify(.) by extensions ['ros']
[0.402s] Level 1:colcon.colcon_core.package_identification:_identify(.) by extension 'ros'
[0.418s] Level 1:colcon.colcon_core.package_identification:_identify(.) by extensions ['cmake', 'python']
[0.419s] Level 1:colcon.colcon_core.package_identification:_identify(.) by extension 'cmake'
[0.419s] Level 1:colcon.colcon_core.package_identification:_identify(.) by extension 'python'
[0.419s] Level 1:colcon.colcon_core.package_identification:_identify(.) by extensions ['python_setup_py']
[0.419s] Level 1:colcon.colcon_core.package_identification:_identify(.) by extension 'python_setup_py'
[0.419s] Level 1:colcon.colcon_core.package_identification:_identify(build) by extensions ['ignore', 'ignore_ament_install']
[0.419s] Level 1:colcon.colcon_core.package_identification:_identify(build) by extension 'ignore'
[0.419s] Level 1:colcon.colcon_core.package_identification:_identify(build) ignored
[0.419s] Level 1:colcon.colcon_core.package_identification:_identify(flaky_door_opener) by extensions ['ignore', 'ignore_ament_install']
[0.420s] Level 1:colcon.colcon_core.package_identification:_identify(flaky_door_opener) by extension 'ignore'
[0.420s] Level 1:colcon.colcon_core.package_identification:_identify(flaky_door_opener) by extension 'ignore_ament_install'
[0.420s] Level 1:colcon.colcon_core.package_identification:_identify(flaky_door_opener) by extensions ['colcon_pkg']
[0.420s] Level 1:colcon.colcon_core.package_identification:_identify(flaky_door_opener) by extension 'colcon_pkg'
[0.420s] Level 1:colcon.colcon_core.package_identification:_identify(flaky_door_opener) by extensions ['colcon_meta']
[0.420s] Level 1:colcon.colcon_core.package_identification:_identify(flaky_door_opener) by extension 'colcon_meta'
[0.420s] Level 1:colcon.colcon_core.package_identification:_identify(flaky_door_opener) by extensions ['ros']
[0.420s] Level 1:colcon.colcon_core.package_identification:_identify(flaky_door_opener) by extension 'ros'
[0.420s] Level 1:colcon.colcon_core.package_identification:_identify(flaky_door_opener) by extensions ['cmake', 'python']
[0.420s] Level 1:colcon.colcon_core.package_identification:_identify(flaky_door_opener) by extension 'cmake'
[0.420s] Level 1:colcon.colcon_core.package_identification:_identify(flaky_door_opener) by extension 'python'
[0.420s] Level 1:colcon.colcon_core.package_identification:_identify(flaky_door_opener) by extensions ['python_setup_py']
[0.420s] Level 1:colcon.colcon_core.package_identification:_identify(flaky_door_opener) by extension 'python_setup_py'
[0.420s] Level 1:colcon.colcon_core.package_identification:_identify(flaky_door_opener/__pycache__) by extensions ['ignore', 'ignore_ament_install']
[0.420s] Level 1:colcon.colcon_core.package_identification:_identify(flaky_door_opener/__pycache__) by extension 'ignore'
[0.420s] Level 1:colcon.colcon_core.package_identification:_identify(flaky_door_opener/__pycache__) by extension 'ignore_ament_install'
[0.421s] Level 1:colcon.colcon_core.package_identification:_identify(flaky_door_opener/__pycache__) by extensions ['colcon_pkg']
[0.421s] Level 1:colcon.colcon_core.package_identification:_identify(flaky_door_opener/__pycache__) by extension 'colcon_pkg'
[0.421s] Level 1:colcon.colcon_core.package_identification:_identify(flaky_door_opener/__pycache__) by extensions ['colcon_meta']
[0.421s] Level 1:colcon.colcon_core.package_identification:_identify(flaky_door_opener/__pycache__) by extension 'colcon_meta'
[0.421s] Level 1:colcon.colcon_core.package_identification:_identify(flaky_door_opener/__pycache__) by extensions ['ros']
[0.421s] Level 1:colcon.colcon_core.package_identification:_identify(flaky_door_opener/__pycache__) by extension 'ros'
[0.421s] Level 1:colcon.colcon_core.package_identification:_identify(flaky_door_opener/__pycache__) by extensions ['cmake', 'python']
[0.421s] Level 1:colcon.colcon_core.package_identification:_identify(flaky_door_opener/__pycache__) by extension 'cmake'
[0.421s] Level 1:colcon.colcon_core.package_identification:_identify(flaky_door_opener/__pycache__) by extension 'python'
[0.421s] Level 1:colcon.colcon_core.package_identification:_identify(flaky_door_opener/__pycache__) by extensions ['python_setup_py']
[0.421s] Level 1:colcon.colcon_core.package_identification:_identify(flaky_door_opener/__pycache__) by extension 'python_setup_py'
[0.421s] Level 1:colcon.colcon_core.package_identification:_identify(image_mean_feature_x) by extensions ['ignore', 'ignore_ament_install']
[0.421s] Level 1:colcon.colcon_core.package_identification:_identify(image_mean_feature_x) by extension 'ignore'
[0.421s] Level 1:colcon.colcon_core.package_identification:_identify(image_mean_feature_x) by extension 'ignore_ament_install'
[0.421s] Level 1:colcon.colcon_core.package_identification:_identify(image_mean_feature_x) by extensions ['colcon_pkg']
[0.421s] Level 1:colcon.colcon_core.package_identification:_identify(image_mean_feature_x) by extension 'colcon_pkg'
[0.421s] Level 1:colcon.colcon_core.package_identification:_identify(image_mean_feature_x) by extensions ['colcon_meta']
[0.422s] Level 1:colcon.colcon_core.package_identification:_identify(image_mean_feature_x) by extension 'colcon_meta'
[0.422s] Level 1:colcon.colcon_core.package_identification:_identify(image_mean_feature_x) by extensions ['ros']
[0.422s] Level 1:colcon.colcon_core.package_identification:_identify(image_mean_feature_x) by extension 'ros'
[0.422s] Level 1:colcon.colcon_core.package_identification:_identify(image_mean_feature_x) by extensions ['cmake', 'python']
[0.422s] Level 1:colcon.colcon_core.package_identification:_identify(image_mean_feature_x) by extension 'cmake'
[0.422s] Level 1:colcon.colcon_core.package_identification:_identify(image_mean_feature_x) by extension 'python'
[0.422s] Level 1:colcon.colcon_core.package_identification:_identify(image_mean_feature_x) by extensions ['python_setup_py']
[0.422s] Level 1:colcon.colcon_core.package_identification:_identify(image_mean_feature_x) by extension 'python_setup_py'
[0.422s] Level 1:colcon.colcon_core.package_identification:_identify(image_mean_feature_x/__pycache__) by extensions ['ignore', 'ignore_ament_install']
[0.422s] Level 1:colcon.colcon_core.package_identification:_identify(image_mean_feature_x/__pycache__) by extension 'ignore'
[0.422s] Level 1:colcon.colcon_core.package_identification:_identify(image_mean_feature_x/__pycache__) by extension 'ignore_ament_install'
[0.422s] Level 1:colcon.colcon_core.package_identification:_identify(image_mean_feature_x/__pycache__) by extensions ['colcon_pkg']
[0.422s] Level 1:colcon.colcon_core.package_identification:_identify(image_mean_feature_x/__pycache__) by extension 'colcon_pkg'
[0.422s] Level 1:colcon.colcon_core.package_identification:_identify(image_mean_feature_x/__pycache__) by extensions ['colcon_meta']
[0.422s] Level 1:colcon.colcon_core.package_identification:_identify(image_mean_feature_x/__pycache__) by extension 'colcon_meta'
[0.423s] Level 1:colcon.colcon_core.package_identification:_identify(image_mean_feature_x/__pycache__) by extensions ['ros']
[0.423s] Level 1:colcon.colcon_core.package_identification:_identify(image_mean_feature_x/__pycache__) by extension 'ros'
[0.423s] Level 1:colcon.colcon_core.package_identification:_identify(image_mean_feature_x/__pycache__) by extensions ['cmake', 'python']
[0.423s] Level 1:colcon.colcon_core.package_identification:_identify(image_mean_feature_x/__pycache__) by extension 'cmake'
[0.423s] Level 1:colcon.colcon_core.package_identification:_identify(image_mean_feature_x/__pycache__) by extension 'python'
[0.423s] Level 1:colcon.colcon_core.package_identification:_identify(image_mean_feature_x/__pycache__) by extensions ['python_setup_py']
[0.423s] Level 1:colcon.colcon_core.package_identification:_identify(image_mean_feature_x/__pycache__) by extension 'python_setup_py'
[0.423s] Level 1:colcon.colcon_core.package_identification:_identify(install) by extensions ['ignore', 'ignore_ament_install']
[0.423s] Level 1:colcon.colcon_core.package_identification:_identify(install) by extension 'ignore'
[0.423s] Level 1:colcon.colcon_core.package_identification:_identify(install) ignored
[0.423s] Level 1:colcon.colcon_core.package_identification:_identify(lab_2_question_3) by extensions ['ignore', 'ignore_ament_install']
[0.423s] Level 1:colcon.colcon_core.package_identification:_identify(lab_2_question_3) by extension 'ignore'
[0.423s] Level 1:colcon.colcon_core.package_identification:_identify(lab_2_question_3) by extension 'ignore_ament_install'
[0.423s] Level 1:colcon.colcon_core.package_identification:_identify(lab_2_question_3) by extensions ['colcon_pkg']
[0.423s] Level 1:colcon.colcon_core.package_identification:_identify(lab_2_question_3) by extension 'colcon_pkg'
[0.423s] Level 1:colcon.colcon_core.package_identification:_identify(lab_2_question_3) by extensions ['colcon_meta']
[0.423s] Level 1:colcon.colcon_core.package_identification:_identify(lab_2_question_3) by extension 'colcon_meta'
[0.424s] Level 1:colcon.colcon_core.package_identification:_identify(lab_2_question_3) by extensions ['ros']
[0.424s] Level 1:colcon.colcon_core.package_identification:_identify(lab_2_question_3) by extension 'ros'
[0.424s] Level 1:colcon.colcon_core.package_identification:_identify(lab_2_question_3) by extensions ['cmake', 'python']
[0.424s] Level 1:colcon.colcon_core.package_identification:_identify(lab_2_question_3) by extension 'cmake'
[0.424s] Level 1:colcon.colcon_core.package_identification:_identify(lab_2_question_3) by extension 'python'
[0.424s] Level 1:colcon.colcon_core.package_identification:_identify(lab_2_question_3) by extensions ['python_setup_py']
[0.424s] Level 1:colcon.colcon_core.package_identification:_identify(lab_2_question_3) by extension 'python_setup_py'
[0.424s] Level 1:colcon.colcon_core.package_identification:_identify(lab_2_question_3/__pycache__) by extensions ['ignore', 'ignore_ament_install']
[0.424s] Level 1:colcon.colcon_core.package_identification:_identify(lab_2_question_3/__pycache__) by extension 'ignore'
[0.424s] Level 1:colcon.colcon_core.package_identification:_identify(lab_2_question_3/__pycache__) by extension 'ignore_ament_install'
[0.424s] Level 1:colcon.colcon_core.package_identification:_identify(lab_2_question_3/__pycache__) by extensions ['colcon_pkg']
[0.424s] Level 1:colcon.colcon_core.package_identification:_identify(lab_2_question_3/__pycache__) by extension 'colcon_pkg'
[0.424s] Level 1:colcon.colcon_core.package_identification:_identify(lab_2_question_3/__pycache__) by extensions ['colcon_meta']
[0.424s] Level 1:colcon.colcon_core.package_identification:_identify(lab_2_question_3/__pycache__) by extension 'colcon_meta'
[0.424s] Level 1:colcon.colcon_core.package_identification:_identify(lab_2_question_3/__pycache__) by extensions ['ros']
[0.424s] Level 1:colcon.colcon_core.package_identification:_identify(lab_2_question_3/__pycache__) by extension 'ros'
[0.425s] Level 1:colcon.colcon_core.package_identification:_identify(lab_2_question_3/__pycache__) by extensions ['cmake', 'python']
[0.425s] Level 1:colcon.colcon_core.package_identification:_identify(lab_2_question_3/__pycache__) by extension 'cmake'
[0.425s] Level 1:colcon.colcon_core.package_identification:_identify(lab_2_question_3/__pycache__) by extension 'python'
[0.425s] Level 1:colcon.colcon_core.package_identification:_identify(lab_2_question_3/__pycache__) by extensions ['python_setup_py']
[0.425s] Level 1:colcon.colcon_core.package_identification:_identify(lab_2_question_3/__pycache__) by extension 'python_setup_py'
[0.425s] Level 1:colcon.colcon_core.package_identification:_identify(lab_2_question_4) by extensions ['ignore', 'ignore_ament_install']
[0.425s] Level 1:colcon.colcon_core.package_identification:_identify(lab_2_question_4) by extension 'ignore'
[0.425s] Level 1:colcon.colcon_core.package_identification:_identify(lab_2_question_4) by extension 'ignore_ament_install'
[0.425s] Level 1:colcon.colcon_core.package_identification:_identify(lab_2_question_4) by extensions ['colcon_pkg']
[0.425s] Level 1:colcon.colcon_core.package_identification:_identify(lab_2_question_4) by extension 'colcon_pkg'
[0.425s] Level 1:colcon.colcon_core.package_identification:_identify(lab_2_question_4) by extensions ['colcon_meta']
[0.425s] Level 1:colcon.colcon_core.package_identification:_identify(lab_2_question_4) by extension 'colcon_meta'
[0.425s] Level 1:colcon.colcon_core.package_identification:_identify(lab_2_question_4) by extensions ['ros']
[0.425s] Level 1:colcon.colcon_core.package_identification:_identify(lab_2_question_4) by extension 'ros'
[0.425s] Level 1:colcon.colcon_core.package_identification:_identify(lab_2_question_4) by extensions ['cmake', 'python']
[0.426s] Level 1:colcon.colcon_core.package_identification:_identify(lab_2_question_4) by extension 'cmake'
[0.426s] Level 1:colcon.colcon_core.package_identification:_identify(lab_2_question_4) by extension 'python'
[0.426s] Level 1:colcon.colcon_core.package_identification:_identify(lab_2_question_4) by extensions ['python_setup_py']
[0.426s] Level 1:colcon.colcon_core.package_identification:_identify(lab_2_question_4) by extension 'python_setup_py'
[0.426s] Level 1:colcon.colcon_core.package_identification:_identify(lab_2_question_4/__pycache__) by extensions ['ignore', 'ignore_ament_install']
[0.426s] Level 1:colcon.colcon_core.package_identification:_identify(lab_2_question_4/__pycache__) by extension 'ignore'
[0.426s] Level 1:colcon.colcon_core.package_identification:_identify(lab_2_question_4/__pycache__) by extension 'ignore_ament_install'
[0.426s] Level 1:colcon.colcon_core.package_identification:_identify(lab_2_question_4/__pycache__) by extensions ['colcon_pkg']
[0.426s] Level 1:colcon.colcon_core.package_identification:_identify(lab_2_question_4/__pycache__) by extension 'colcon_pkg'
[0.426s] Level 1:colcon.colcon_core.package_identification:_identify(lab_2_question_4/__pycache__) by extensions ['colcon_meta']
[0.426s] Level 1:colcon.colcon_core.package_identification:_identify(lab_2_question_4/__pycache__) by extension 'colcon_meta'
[0.426s] Level 1:colcon.colcon_core.package_identification:_identify(lab_2_question_4/__pycache__) by extensions ['ros']
[0.426s] Level 1:colcon.colcon_core.package_identification:_identify(lab_2_question_4/__pycache__) by extension 'ros'
[0.426s] Level 1:colcon.colcon_core.package_identification:_identify(lab_2_question_4/__pycache__) by extensions ['cmake', 'python']
[0.426s] Level 1:colcon.colcon_core.package_identification:_identify(lab_2_question_4/__pycache__) by extension 'cmake'
[0.427s] Level 1:colcon.colcon_core.package_identification:_identify(lab_2_question_4/__pycache__) by extension 'python'
[0.427s] Level 1:colcon.colcon_core.package_identification:_identify(lab_2_question_4/__pycache__) by extensions ['python_setup_py']
[0.427s] Level 1:colcon.colcon_core.package_identification:_identify(lab_2_question_4/__pycache__) by extension 'python_setup_py'
[0.427s] Level 1:colcon.colcon_core.package_identification:_identify(lab_3_assignment_5) by extensions ['ignore', 'ignore_ament_install']
[0.427s] Level 1:colcon.colcon_core.package_identification:_identify(lab_3_assignment_5) by extension 'ignore'
[0.427s] Level 1:colcon.colcon_core.package_identification:_identify(lab_3_assignment_5) by extension 'ignore_ament_install'
[0.427s] Level 1:colcon.colcon_core.package_identification:_identify(lab_3_assignment_5) by extensions ['colcon_pkg']
[0.427s] Level 1:colcon.colcon_core.package_identification:_identify(lab_3_assignment_5) by extension 'colcon_pkg'
[0.427s] Level 1:colcon.colcon_core.package_identification:_identify(lab_3_assignment_5) by extensions ['colcon_meta']
[0.427s] Level 1:colcon.colcon_core.package_identification:_identify(lab_3_assignment_5) by extension 'colcon_meta'
[0.427s] Level 1:colcon.colcon_core.package_identification:_identify(lab_3_assignment_5) by extensions ['ros']
[0.427s] Level 1:colcon.colcon_core.package_identification:_identify(lab_3_assignment_5) by extension 'ros'
[0.427s] Level 1:colcon.colcon_core.package_identification:_identify(lab_3_assignment_5) by extensions ['cmake', 'python']
[0.427s] Level 1:colcon.colcon_core.package_identification:_identify(lab_3_assignment_5) by extension 'cmake'
[0.427s] Level 1:colcon.colcon_core.package_identification:_identify(lab_3_assignment_5) by extension 'python'
[0.427s] Level 1:colcon.colcon_core.package_identification:_identify(lab_3_assignment_5) by extensions ['python_setup_py']
[0.427s] Level 1:colcon.colcon_core.package_identification:_identify(lab_3_assignment_5) by extension 'python_setup_py'
[0.427s] Level 1:colcon.colcon_core.package_identification:_identify(lab_3_assignment_5/__pycache__) by extensions ['ignore', 'ignore_ament_install']
[0.428s] Level 1:colcon.colcon_core.package_identification:_identify(lab_3_assignment_5/__pycache__) by extension 'ignore'
[0.428s] Level 1:colcon.colcon_core.package_identification:_identify(lab_3_assignment_5/__pycache__) by extension 'ignore_ament_install'
[0.428s] Level 1:colcon.colcon_core.package_identification:_identify(lab_3_assignment_5/__pycache__) by extensions ['colcon_pkg']
[0.428s] Level 1:colcon.colcon_core.package_identification:_identify(lab_3_assignment_5/__pycache__) by extension 'colcon_pkg'
[0.428s] Level 1:colcon.colcon_core.package_identification:_identify(lab_3_assignment_5/__pycache__) by extensions ['colcon_meta']
[0.428s] Level 1:colcon.colcon_core.package_identification:_identify(lab_3_assignment_5/__pycache__) by extension 'colcon_meta'
[0.428s] Level 1:colcon.colcon_core.package_identification:_identify(lab_3_assignment_5/__pycache__) by extensions ['ros']
[0.428s] Level 1:colcon.colcon_core.package_identification:_identify(lab_3_assignment_5/__pycache__) by extension 'ros'
[0.428s] Level 1:colcon.colcon_core.package_identification:_identify(lab_3_assignment_5/__pycache__) by extensions ['cmake', 'python']
[0.428s] Level 1:colcon.colcon_core.package_identification:_identify(lab_3_assignment_5/__pycache__) by extension 'cmake'
[0.428s] Level 1:colcon.colcon_core.package_identification:_identify(lab_3_assignment_5/__pycache__) by extension 'python'
[0.428s] Level 1:colcon.colcon_core.package_identification:_identify(lab_3_assignment_5/__pycache__) by extensions ['python_setup_py']
[0.428s] Level 1:colcon.colcon_core.package_identification:_identify(lab_3_assignment_5/__pycache__) by extension 'python_setup_py'
[0.428s] Level 1:colcon.colcon_core.package_identification:_identify(lab_3_assignment_6) by extensions ['ignore', 'ignore_ament_install']
[0.428s] Level 1:colcon.colcon_core.package_identification:_identify(lab_3_assignment_6) by extension 'ignore'
[0.428s] Level 1:colcon.colcon_core.package_identification:_identify(lab_3_assignment_6) by extension 'ignore_ament_install'
[0.428s] Level 1:colcon.colcon_core.package_identification:_identify(lab_3_assignment_6) by extensions ['colcon_pkg']
[0.429s] Level 1:colcon.colcon_core.package_identification:_identify(lab_3_assignment_6) by extension 'colcon_pkg'
[0.429s] Level 1:colcon.colcon_core.package_identification:_identify(lab_3_assignment_6) by extensions ['colcon_meta']
[0.429s] Level 1:colcon.colcon_core.package_identification:_identify(lab_3_assignment_6) by extension 'colcon_meta'
[0.429s] Level 1:colcon.colcon_core.package_identification:_identify(lab_3_assignment_6) by extensions ['ros']
[0.429s] Level 1:colcon.colcon_core.package_identification:_identify(lab_3_assignment_6) by extension 'ros'
[0.429s] Level 1:colcon.colcon_core.package_identification:_identify(lab_3_assignment_6) by extensions ['cmake', 'python']
[0.429s] Level 1:colcon.colcon_core.package_identification:_identify(lab_3_assignment_6) by extension 'cmake'
[0.429s] Level 1:colcon.colcon_core.package_identification:_identify(lab_3_assignment_6) by extension 'python'
[0.429s] Level 1:colcon.colcon_core.package_identification:_identify(lab_3_assignment_6) by extensions ['python_setup_py']
[0.429s] Level 1:colcon.colcon_core.package_identification:_identify(lab_3_assignment_6) by extension 'python_setup_py'
[0.429s] Level 1:colcon.colcon_core.package_identification:_identify(lab_3_assignment_6/__pycache__) by extensions ['ignore', 'ignore_ament_install']
[0.429s] Level 1:colcon.colcon_core.package_identification:_identify(lab_3_assignment_6/__pycache__) by extension 'ignore'
[0.429s] Level 1:colcon.colcon_core.package_identification:_identify(lab_3_assignment_6/__pycache__) by extension 'ignore_ament_install'
[0.429s] Level 1:colcon.colcon_core.package_identification:_identify(lab_3_assignment_6/__pycache__) by extensions ['colcon_pkg']
[0.429s] Level 1:colcon.colcon_core.package_identification:_identify(lab_3_assignment_6/__pycache__) by extension 'colcon_pkg'
[0.429s] Level 1:colcon.colcon_core.package_identification:_identify(lab_3_assignment_6/__pycache__) by extensions ['colcon_meta']
[0.429s] Level 1:colcon.colcon_core.package_identification:_identify(lab_3_assignment_6/__pycache__) by extension 'colcon_meta'
[0.429s] Level 1:colcon.colcon_core.package_identification:_identify(lab_3_assignment_6/__pycache__) by extensions ['ros']
[0.430s] Level 1:colcon.colcon_core.package_identification:_identify(lab_3_assignment_6/__pycache__) by extension 'ros'
[0.430s] Level 1:colcon.colcon_core.package_identification:_identify(lab_3_assignment_6/__pycache__) by extensions ['cmake', 'python']
[0.430s] Level 1:colcon.colcon_core.package_identification:_identify(lab_3_assignment_6/__pycache__) by extension 'cmake'
[0.430s] Level 1:colcon.colcon_core.package_identification:_identify(lab_3_assignment_6/__pycache__) by extension 'python'
[0.430s] Level 1:colcon.colcon_core.package_identification:_identify(lab_3_assignment_6/__pycache__) by extensions ['python_setup_py']
[0.430s] Level 1:colcon.colcon_core.package_identification:_identify(lab_3_assignment_6/__pycache__) by extension 'python_setup_py'
[0.430s] Level 1:colcon.colcon_core.package_identification:_identify(lab_3_assignment_8) by extensions ['ignore', 'ignore_ament_install']
[0.430s] Level 1:colcon.colcon_core.package_identification:_identify(lab_3_assignment_8) by extension 'ignore'
[0.430s] Level 1:colcon.colcon_core.package_identification:_identify(lab_3_assignment_8) by extension 'ignore_ament_install'
[0.430s] Level 1:colcon.colcon_core.package_identification:_identify(lab_3_assignment_8) by extensions ['colcon_pkg']
[0.430s] Level 1:colcon.colcon_core.package_identification:_identify(lab_3_assignment_8) by extension 'colcon_pkg'
[0.430s] Level 1:colcon.colcon_core.package_identification:_identify(lab_3_assignment_8) by extensions ['colcon_meta']
[0.430s] Level 1:colcon.colcon_core.package_identification:_identify(lab_3_assignment_8) by extension 'colcon_meta'
[0.430s] Level 1:colcon.colcon_core.package_identification:_identify(lab_3_assignment_8) by extensions ['ros']
[0.430s] Level 1:colcon.colcon_core.package_identification:_identify(lab_3_assignment_8) by extension 'ros'
[0.430s] Level 1:colcon.colcon_core.package_identification:_identify(lab_3_assignment_8) by extensions ['cmake', 'python']
[0.430s] Level 1:colcon.colcon_core.package_identification:_identify(lab_3_assignment_8) by extension 'cmake'
[0.430s] Level 1:colcon.colcon_core.package_identification:_identify(lab_3_assignment_8) by extension 'python'
[0.431s] Level 1:colcon.colcon_core.package_identification:_identify(lab_3_assignment_8) by extensions ['python_setup_py']
[0.431s] Level 1:colcon.colcon_core.package_identification:_identify(lab_3_assignment_8) by extension 'python_setup_py'
[0.431s] Level 1:colcon.colcon_core.package_identification:_identify(lab_3_assignment_8/__pycache__) by extensions ['ignore', 'ignore_ament_install']
[0.431s] Level 1:colcon.colcon_core.package_identification:_identify(lab_3_assignment_8/__pycache__) by extension 'ignore'
[0.431s] Level 1:colcon.colcon_core.package_identification:_identify(lab_3_assignment_8/__pycache__) by extension 'ignore_ament_install'
[0.431s] Level 1:colcon.colcon_core.package_identification:_identify(lab_3_assignment_8/__pycache__) by extensions ['colcon_pkg']
[0.431s] Level 1:colcon.colcon_core.package_identification:_identify(lab_3_assignment_8/__pycache__) by extension 'colcon_pkg'
[0.431s] Level 1:colcon.colcon_core.package_identification:_identify(lab_3_assignment_8/__pycache__) by extensions ['colcon_meta']
[0.431s] Level 1:colcon.colcon_core.package_identification:_identify(lab_3_assignment_8/__pycache__) by extension 'colcon_meta'
[0.431s] Level 1:colcon.colcon_core.package_identification:_identify(lab_3_assignment_8/__pycache__) by extensions ['ros']
[0.431s] Level 1:colcon.colcon_core.package_identification:_identify(lab_3_assignment_8/__pycache__) by extension 'ros'
[0.431s] Level 1:colcon.colcon_core.package_identification:_identify(lab_3_assignment_8/__pycache__) by extensions ['cmake', 'python']
[0.431s] Level 1:colcon.colcon_core.package_identification:_identify(lab_3_assignment_8/__pycache__) by extension 'cmake'
[0.431s] Level 1:colcon.colcon_core.package_identification:_identify(lab_3_assignment_8/__pycache__) by extension 'python'
[0.431s] Level 1:colcon.colcon_core.package_identification:_identify(lab_3_assignment_8/__pycache__) by extensions ['python_setup_py']
[0.431s] Level 1:colcon.colcon_core.package_identification:_identify(lab_3_assignment_8/__pycache__) by extension 'python_setup_py'
[0.431s] Level 1:colcon.colcon_core.package_identification:_identify(lab_4_assignment_1) by extensions ['ignore', 'ignore_ament_install']
[0.432s] Level 1:colcon.colcon_core.package_identification:_identify(lab_4_assignment_1) by extension 'ignore'
[0.432s] Level 1:colcon.colcon_core.package_identification:_identify(lab_4_assignment_1) by extension 'ignore_ament_install'
[0.432s] Level 1:colcon.colcon_core.package_identification:_identify(lab_4_assignment_1) by extensions ['colcon_pkg']
[0.432s] Level 1:colcon.colcon_core.package_identification:_identify(lab_4_assignment_1) by extension 'colcon_pkg'
[0.432s] Level 1:colcon.colcon_core.package_identification:_identify(lab_4_assignment_1) by extensions ['colcon_meta']
[0.432s] Level 1:colcon.colcon_core.package_identification:_identify(lab_4_assignment_1) by extension 'colcon_meta'
[0.432s] Level 1:colcon.colcon_core.package_identification:_identify(lab_4_assignment_1) by extensions ['ros']
[0.432s] Level 1:colcon.colcon_core.package_identification:_identify(lab_4_assignment_1) by extension 'ros'
[0.432s] Level 1:colcon.colcon_core.package_identification:_identify(lab_4_assignment_1) by extensions ['cmake', 'python']
[0.432s] Level 1:colcon.colcon_core.package_identification:_identify(lab_4_assignment_1) by extension 'cmake'
[0.432s] Level 1:colcon.colcon_core.package_identification:_identify(lab_4_assignment_1) by extension 'python'
[0.432s] Level 1:colcon.colcon_core.package_identification:_identify(lab_4_assignment_1) by extensions ['python_setup_py']
[0.432s] Level 1:colcon.colcon_core.package_identification:_identify(lab_4_assignment_1) by extension 'python_setup_py'
[0.432s] Level 1:colcon.colcon_core.package_identification:_identify(lab_4_assignment_1/__pycache__) by extensions ['ignore', 'ignore_ament_install']
[0.432s] Level 1:colcon.colcon_core.package_identification:_identify(lab_4_assignment_1/__pycache__) by extension 'ignore'
[0.432s] Level 1:colcon.colcon_core.package_identification:_identify(lab_4_assignment_1/__pycache__) by extension 'ignore_ament_install'
[0.433s] Level 1:colcon.colcon_core.package_identification:_identify(lab_4_assignment_1/__pycache__) by extensions ['colcon_pkg']
[0.433s] Level 1:colcon.colcon_core.package_identification:_identify(lab_4_assignment_1/__pycache__) by extension 'colcon_pkg'
[0.433s] Level 1:colcon.colcon_core.package_identification:_identify(lab_4_assignment_1/__pycache__) by extensions ['colcon_meta']
[0.433s] Level 1:colcon.colcon_core.package_identification:_identify(lab_4_assignment_1/__pycache__) by extension 'colcon_meta'
[0.433s] Level 1:colcon.colcon_core.package_identification:_identify(lab_4_assignment_1/__pycache__) by extensions ['ros']
[0.433s] Level 1:colcon.colcon_core.package_identification:_identify(lab_4_assignment_1/__pycache__) by extension 'ros'
[0.433s] Level 1:colcon.colcon_core.package_identification:_identify(lab_4_assignment_1/__pycache__) by extensions ['cmake', 'python']
[0.433s] Level 1:colcon.colcon_core.package_identification:_identify(lab_4_assignment_1/__pycache__) by extension 'cmake'
[0.433s] Level 1:colcon.colcon_core.package_identification:_identify(lab_4_assignment_1/__pycache__) by extension 'python'
[0.433s] Level 1:colcon.colcon_core.package_identification:_identify(lab_4_assignment_1/__pycache__) by extensions ['python_setup_py']
[0.433s] Level 1:colcon.colcon_core.package_identification:_identify(lab_4_assignment_1/__pycache__) by extension 'python_setup_py'
[0.433s] Level 1:colcon.colcon_core.package_identification:_identify(lab_4_assignment_2) by extensions ['ignore', 'ignore_ament_install']
[0.433s] Level 1:colcon.colcon_core.package_identification:_identify(lab_4_assignment_2) by extension 'ignore'
[0.433s] Level 1:colcon.colcon_core.package_identification:_identify(lab_4_assignment_2) by extension 'ignore_ament_install'
[0.433s] Level 1:colcon.colcon_core.package_identification:_identify(lab_4_assignment_2) by extensions ['colcon_pkg']
[0.433s] Level 1:colcon.colcon_core.package_identification:_identify(lab_4_assignment_2) by extension 'colcon_pkg'
[0.433s] Level 1:colcon.colcon_core.package_identification:_identify(lab_4_assignment_2) by extensions ['colcon_meta']
[0.434s] Level 1:colcon.colcon_core.package_identification:_identify(lab_4_assignment_2) by extension 'colcon_meta'
[0.434s] Level 1:colcon.colcon_core.package_identification:_identify(lab_4_assignment_2) by extensions ['ros']
[0.434s] Level 1:colcon.colcon_core.package_identification:_identify(lab_4_assignment_2) by extension 'ros'
[0.434s] Level 1:colcon.colcon_core.package_identification:_identify(lab_4_assignment_2) by extensions ['cmake', 'python']
[0.434s] Level 1:colcon.colcon_core.package_identification:_identify(lab_4_assignment_2) by extension 'cmake'
[0.434s] Level 1:colcon.colcon_core.package_identification:_identify(lab_4_assignment_2) by extension 'python'
[0.434s] Level 1:colcon.colcon_core.package_identification:_identify(lab_4_assignment_2) by extensions ['python_setup_py']
[0.434s] Level 1:colcon.colcon_core.package_identification:_identify(lab_4_assignment_2) by extension 'python_setup_py'
[0.434s] Level 1:colcon.colcon_core.package_identification:_identify(lab_4_assignment_2/__pycache__) by extensions ['ignore', 'ignore_ament_install']
[0.434s] Level 1:colcon.colcon_core.package_identification:_identify(lab_4_assignment_2/__pycache__) by extension 'ignore'
[0.434s] Level 1:colcon.colcon_core.package_identification:_identify(lab_4_assignment_2/__pycache__) by extension 'ignore_ament_install'
[0.434s] Level 1:colcon.colcon_core.package_identification:_identify(lab_4_assignment_2/__pycache__) by extensions ['colcon_pkg']
[0.434s] Level 1:colcon.colcon_core.package_identification:_identify(lab_4_assignment_2/__pycache__) by extension 'colcon_pkg'
[0.434s] Level 1:colcon.colcon_core.package_identification:_identify(lab_4_assignment_2/__pycache__) by extensions ['colcon_meta']
[0.434s] Level 1:colcon.colcon_core.package_identification:_identify(lab_4_assignment_2/__pycache__) by extension 'colcon_meta'
[0.434s] Level 1:colcon.colcon_core.package_identification:_identify(lab_4_assignment_2/__pycache__) by extensions ['ros']
[0.434s] Level 1:colcon.colcon_core.package_identification:_identify(lab_4_assignment_2/__pycache__) by extension 'ros'
[0.435s] Level 1:colcon.colcon_core.package_identification:_identify(lab_4_assignment_2/__pycache__) by extensions ['cmake', 'python']
[0.435s] Level 1:colcon.colcon_core.package_identification:_identify(lab_4_assignment_2/__pycache__) by extension 'cmake'
[0.435s] Level 1:colcon.colcon_core.package_identification:_identify(lab_4_assignment_2/__pycache__) by extension 'python'
[0.435s] Level 1:colcon.colcon_core.package_identification:_identify(lab_4_assignment_2/__pycache__) by extensions ['python_setup_py']
[0.435s] Level 1:colcon.colcon_core.package_identification:_identify(lab_4_assignment_2/__pycache__) by extension 'python_setup_py'
[0.435s] Level 1:colcon.colcon_core.package_identification:_identify(lab_4_assignment_3) by extensions ['ignore', 'ignore_ament_install']
[0.435s] Level 1:colcon.colcon_core.package_identification:_identify(lab_4_assignment_3) by extension 'ignore'
[0.435s] Level 1:colcon.colcon_core.package_identification:_identify(lab_4_assignment_3) by extension 'ignore_ament_install'
[0.435s] Level 1:colcon.colcon_core.package_identification:_identify(lab_4_assignment_3) by extensions ['colcon_pkg']
[0.435s] Level 1:colcon.colcon_core.package_identification:_identify(lab_4_assignment_3) by extension 'colcon_pkg'
[0.435s] Level 1:colcon.colcon_core.package_identification:_identify(lab_4_assignment_3) by extensions ['colcon_meta']
[0.435s] Level 1:colcon.colcon_core.package_identification:_identify(lab_4_assignment_3) by extension 'colcon_meta'
[0.435s] Level 1:colcon.colcon_core.package_identification:_identify(lab_4_assignment_3) by extensions ['ros']
[0.435s] Level 1:colcon.colcon_core.package_identification:_identify(lab_4_assignment_3) by extension 'ros'
[0.435s] Level 1:colcon.colcon_core.package_identification:_identify(lab_4_assignment_3) by extensions ['cmake', 'python']
[0.435s] Level 1:colcon.colcon_core.package_identification:_identify(lab_4_assignment_3) by extension 'cmake'
[0.435s] Level 1:colcon.colcon_core.package_identification:_identify(lab_4_assignment_3) by extension 'python'
[0.435s] Level 1:colcon.colcon_core.package_identification:_identify(lab_4_assignment_3) by extensions ['python_setup_py']
[0.435s] Level 1:colcon.colcon_core.package_identification:_identify(lab_4_assignment_3) by extension 'python_setup_py'
[0.436s] Level 1:colcon.colcon_core.package_identification:_identify(lab_4_assignment_3/__pycache__) by extensions ['ignore', 'ignore_ament_install']
[0.436s] Level 1:colcon.colcon_core.package_identification:_identify(lab_4_assignment_3/__pycache__) by extension 'ignore'
[0.436s] Level 1:colcon.colcon_core.package_identification:_identify(lab_4_assignment_3/__pycache__) by extension 'ignore_ament_install'
[0.436s] Level 1:colcon.colcon_core.package_identification:_identify(lab_4_assignment_3/__pycache__) by extensions ['colcon_pkg']
[0.436s] Level 1:colcon.colcon_core.package_identification:_identify(lab_4_assignment_3/__pycache__) by extension 'colcon_pkg'
[0.436s] Level 1:colcon.colcon_core.package_identification:_identify(lab_4_assignment_3/__pycache__) by extensions ['colcon_meta']
[0.436s] Level 1:colcon.colcon_core.package_identification:_identify(lab_4_assignment_3/__pycache__) by extension 'colcon_meta'
[0.436s] Level 1:colcon.colcon_core.package_identification:_identify(lab_4_assignment_3/__pycache__) by extensions ['ros']
[0.436s] Level 1:colcon.colcon_core.package_identification:_identify(lab_4_assignment_3/__pycache__) by extension 'ros'
[0.436s] Level 1:colcon.colcon_core.package_identification:_identify(lab_4_assignment_3/__pycache__) by extensions ['cmake', 'python']
[0.436s] Level 1:colcon.colcon_core.package_identification:_identify(lab_4_assignment_3/__pycache__) by extension 'cmake'
[0.436s] Level 1:colcon.colcon_core.package_identification:_identify(lab_4_assignment_3/__pycache__) by extension 'python'
[0.436s] Level 1:colcon.colcon_core.package_identification:_identify(lab_4_assignment_3/__pycache__) by extensions ['python_setup_py']
[0.436s] Level 1:colcon.colcon_core.package_identification:_identify(lab_4_assignment_3/__pycache__) by extension 'python_setup_py'
[0.436s] Level 1:colcon.colcon_core.package_identification:_identify(lab_4_assignment_6) by extensions ['ignore', 'ignore_ament_install']
[0.436s] Level 1:colcon.colcon_core.package_identification:_identify(lab_4_assignment_6) by extension 'ignore'
[0.436s] Level 1:colcon.colcon_core.package_identification:_identify(lab_4_assignment_6) by extension 'ignore_ament_install'
[0.437s] Level 1:colcon.colcon_core.package_identification:_identify(lab_4_assignment_6) by extensions ['colcon_pkg']
[0.437s] Level 1:colcon.colcon_core.package_identification:_identify(lab_4_assignment_6) by extension 'colcon_pkg'
[0.437s] Level 1:colcon.colcon_core.package_identification:_identify(lab_4_assignment_6) by extensions ['colcon_meta']
[0.437s] Level 1:colcon.colcon_core.package_identification:_identify(lab_4_assignment_6) by extension 'colcon_meta'
[0.437s] Level 1:colcon.colcon_core.package_identification:_identify(lab_4_assignment_6) by extensions ['ros']
[0.437s] Level 1:colcon.colcon_core.package_identification:_identify(lab_4_assignment_6) by extension 'ros'
[0.437s] Level 1:colcon.colcon_core.package_identification:_identify(lab_4_assignment_6) by extensions ['cmake', 'python']
[0.437s] Level 1:colcon.colcon_core.package_identification:_identify(lab_4_assignment_6) by extension 'cmake'
[0.437s] Level 1:colcon.colcon_core.package_identification:_identify(lab_4_assignment_6) by extension 'python'
[0.437s] Level 1:colcon.colcon_core.package_identification:_identify(lab_4_assignment_6) by extensions ['python_setup_py']
[0.437s] Level 1:colcon.colcon_core.package_identification:_identify(lab_4_assignment_6) by extension 'python_setup_py'
[0.437s] Level 1:colcon.colcon_core.package_identification:_identify(lab_4_assignment_6/__pycache__) by extensions ['ignore', 'ignore_ament_install']
[0.437s] Level 1:colcon.colcon_core.package_identification:_identify(lab_4_assignment_6/__pycache__) by extension 'ignore'
[0.437s] Level 1:colcon.colcon_core.package_identification:_identify(lab_4_assignment_6/__pycache__) by extension 'ignore_ament_install'
[0.437s] Level 1:colcon.colcon_core.package_identification:_identify(lab_4_assignment_6/__pycache__) by extensions ['colcon_pkg']
[0.437s] Level 1:colcon.colcon_core.package_identification:_identify(lab_4_assignment_6/__pycache__) by extension 'colcon_pkg'
[0.438s] Level 1:colcon.colcon_core.package_identification:_identify(lab_4_assignment_6/__pycache__) by extensions ['colcon_meta']
[0.438s] Level 1:colcon.colcon_core.package_identification:_identify(lab_4_assignment_6/__pycache__) by extension 'colcon_meta'
[0.438s] Level 1:colcon.colcon_core.package_identification:_identify(lab_4_assignment_6/__pycache__) by extensions ['ros']
[0.438s] Level 1:colcon.colcon_core.package_identification:_identify(lab_4_assignment_6/__pycache__) by extension 'ros'
[0.438s] Level 1:colcon.colcon_core.package_identification:_identify(lab_4_assignment_6/__pycache__) by extensions ['cmake', 'python']
[0.438s] Level 1:colcon.colcon_core.package_identification:_identify(lab_4_assignment_6/__pycache__) by extension 'cmake'
[0.438s] Level 1:colcon.colcon_core.package_identification:_identify(lab_4_assignment_6/__pycache__) by extension 'python'
[0.438s] Level 1:colcon.colcon_core.package_identification:_identify(lab_4_assignment_6/__pycache__) by extensions ['python_setup_py']
[0.438s] Level 1:colcon.colcon_core.package_identification:_identify(lab_4_assignment_6/__pycache__) by extension 'python_setup_py'
[0.438s] Level 1:colcon.colcon_core.package_identification:_identify(lab_4_assignment_6_openloop) by extensions ['ignore', 'ignore_ament_install']
[0.438s] Level 1:colcon.colcon_core.package_identification:_identify(lab_4_assignment_6_openloop) by extension 'ignore'
[0.438s] Level 1:colcon.colcon_core.package_identification:_identify(lab_4_assignment_6_openloop) by extension 'ignore_ament_install'
[0.438s] Level 1:colcon.colcon_core.package_identification:_identify(lab_4_assignment_6_openloop) by extensions ['colcon_pkg']
[0.438s] Level 1:colcon.colcon_core.package_identification:_identify(lab_4_assignment_6_openloop) by extension 'colcon_pkg'
[0.438s] Level 1:colcon.colcon_core.package_identification:_identify(lab_4_assignment_6_openloop) by extensions ['colcon_meta']
[0.438s] Level 1:colcon.colcon_core.package_identification:_identify(lab_4_assignment_6_openloop) by extension 'colcon_meta'
[0.438s] Level 1:colcon.colcon_core.package_identification:_identify(lab_4_assignment_6_openloop) by extensions ['ros']
[0.438s] Level 1:colcon.colcon_core.package_identification:_identify(lab_4_assignment_6_openloop) by extension 'ros'
[0.438s] Level 1:colcon.colcon_core.package_identification:_identify(lab_4_assignment_6_openloop) by extensions ['cmake', 'python']
[0.439s] Level 1:colcon.colcon_core.package_identification:_identify(lab_4_assignment_6_openloop) by extension 'cmake'
[0.439s] Level 1:colcon.colcon_core.package_identification:_identify(lab_4_assignment_6_openloop) by extension 'python'
[0.439s] Level 1:colcon.colcon_core.package_identification:_identify(lab_4_assignment_6_openloop) by extensions ['python_setup_py']
[0.439s] Level 1:colcon.colcon_core.package_identification:_identify(lab_4_assignment_6_openloop) by extension 'python_setup_py'
[0.439s] Level 1:colcon.colcon_core.package_identification:_identify(lab_4_assignment_6_openloop/__pycache__) by extensions ['ignore', 'ignore_ament_install']
[0.439s] Level 1:colcon.colcon_core.package_identification:_identify(lab_4_assignment_6_openloop/__pycache__) by extension 'ignore'
[0.439s] Level 1:colcon.colcon_core.package_identification:_identify(lab_4_assignment_6_openloop/__pycache__) by extension 'ignore_ament_install'
[0.439s] Level 1:colcon.colcon_core.package_identification:_identify(lab_4_assignment_6_openloop/__pycache__) by extensions ['colcon_pkg']
[0.439s] Level 1:colcon.colcon_core.package_identification:_identify(lab_4_assignment_6_openloop/__pycache__) by extension 'colcon_pkg'
[0.439s] Level 1:colcon.colcon_core.package_identification:_identify(lab_4_assignment_6_openloop/__pycache__) by extensions ['colcon_meta']
[0.439s] Level 1:colcon.colcon_core.package_identification:_identify(lab_4_assignment_6_openloop/__pycache__) by extension 'colcon_meta'
[0.439s] Level 1:colcon.colcon_core.package_identification:_identify(lab_4_assignment_6_openloop/__pycache__) by extensions ['ros']
[0.439s] Level 1:colcon.colcon_core.package_identification:_identify(lab_4_assignment_6_openloop/__pycache__) by extension 'ros'
[0.439s] Level 1:colcon.colcon_core.package_identification:_identify(lab_4_assignment_6_openloop/__pycache__) by extensions ['cmake', 'python']
[0.439s] Level 1:colcon.colcon_core.package_identification:_identify(lab_4_assignment_6_openloop/__pycache__) by extension 'cmake'
[0.439s] Level 1:colcon.colcon_core.package_identification:_identify(lab_4_assignment_6_openloop/__pycache__) by extension 'python'
[0.439s] Level 1:colcon.colcon_core.package_identification:_identify(lab_4_assignment_6_openloop/__pycache__) by extensions ['python_setup_py']
[0.439s] Level 1:colcon.colcon_core.package_identification:_identify(lab_4_assignment_6_openloop/__pycache__) by extension 'python_setup_py'
[0.440s] Level 1:colcon.colcon_core.package_identification:_identify(lab_4_assignment_8) by extensions ['ignore', 'ignore_ament_install']
[0.440s] Level 1:colcon.colcon_core.package_identification:_identify(lab_4_assignment_8) by extension 'ignore'
[0.440s] Level 1:colcon.colcon_core.package_identification:_identify(lab_4_assignment_8) by extension 'ignore_ament_install'
[0.440s] Level 1:colcon.colcon_core.package_identification:_identify(lab_4_assignment_8) by extensions ['colcon_pkg']
[0.440s] Level 1:colcon.colcon_core.package_identification:_identify(lab_4_assignment_8) by extension 'colcon_pkg'
[0.440s] Level 1:colcon.colcon_core.package_identification:_identify(lab_4_assignment_8) by extensions ['colcon_meta']
[0.440s] Level 1:colcon.colcon_core.package_identification:_identify(lab_4_assignment_8) by extension 'colcon_meta'
[0.440s] Level 1:colcon.colcon_core.package_identification:_identify(lab_4_assignment_8) by extensions ['ros']
[0.440s] Level 1:colcon.colcon_core.package_identification:_identify(lab_4_assignment_8) by extension 'ros'
[0.440s] Level 1:colcon.colcon_core.package_identification:_identify(lab_4_assignment_8) by extensions ['cmake', 'python']
[0.440s] Level 1:colcon.colcon_core.package_identification:_identify(lab_4_assignment_8) by extension 'cmake'
[0.440s] Level 1:colcon.colcon_core.package_identification:_identify(lab_4_assignment_8) by extension 'python'
[0.440s] Level 1:colcon.colcon_core.package_identification:_identify(lab_4_assignment_8) by extensions ['python_setup_py']
[0.440s] Level 1:colcon.colcon_core.package_identification:_identify(lab_4_assignment_8) by extension 'python_setup_py'
[0.440s] Level 1:colcon.colcon_core.package_identification:_identify(lab_4_assignment_8/__pycache__) by extensions ['ignore', 'ignore_ament_install']
[0.440s] Level 1:colcon.colcon_core.package_identification:_identify(lab_4_assignment_8/__pycache__) by extension 'ignore'
[0.440s] Level 1:colcon.colcon_core.package_identification:_identify(lab_4_assignment_8/__pycache__) by extension 'ignore_ament_install'
[0.441s] Level 1:colcon.colcon_core.package_identification:_identify(lab_4_assignment_8/__pycache__) by extensions ['colcon_pkg']
[0.441s] Level 1:colcon.colcon_core.package_identification:_identify(lab_4_assignment_8/__pycache__) by extension 'colcon_pkg'
[0.441s] Level 1:colcon.colcon_core.package_identification:_identify(lab_4_assignment_8/__pycache__) by extensions ['colcon_meta']
[0.441s] Level 1:colcon.colcon_core.package_identification:_identify(lab_4_assignment_8/__pycache__) by extension 'colcon_meta'
[0.441s] Level 1:colcon.colcon_core.package_identification:_identify(lab_4_assignment_8/__pycache__) by extensions ['ros']
[0.441s] Level 1:colcon.colcon_core.package_identification:_identify(lab_4_assignment_8/__pycache__) by extension 'ros'
[0.441s] Level 1:colcon.colcon_core.package_identification:_identify(lab_4_assignment_8/__pycache__) by extensions ['cmake', 'python']
[0.441s] Level 1:colcon.colcon_core.package_identification:_identify(lab_4_assignment_8/__pycache__) by extension 'cmake'
[0.441s] Level 1:colcon.colcon_core.package_identification:_identify(lab_4_assignment_8/__pycache__) by extension 'python'
[0.441s] Level 1:colcon.colcon_core.package_identification:_identify(lab_4_assignment_8/__pycache__) by extensions ['python_setup_py']
[0.441s] Level 1:colcon.colcon_core.package_identification:_identify(lab_4_assignment_8/__pycache__) by extension 'python_setup_py'
[0.441s] Level 1:colcon.colcon_core.package_identification:_identify(lab_5_assignment_1) by extensions ['ignore', 'ignore_ament_install']
[0.441s] Level 1:colcon.colcon_core.package_identification:_identify(lab_5_assignment_1) by extension 'ignore'
[0.441s] Level 1:colcon.colcon_core.package_identification:_identify(lab_5_assignment_1) by extension 'ignore_ament_install'
[0.441s] Level 1:colcon.colcon_core.package_identification:_identify(lab_5_assignment_1) by extensions ['colcon_pkg']
[0.441s] Level 1:colcon.colcon_core.package_identification:_identify(lab_5_assignment_1) by extension 'colcon_pkg'
[0.441s] Level 1:colcon.colcon_core.package_identification:_identify(lab_5_assignment_1) by extensions ['colcon_meta']
[0.441s] Level 1:colcon.colcon_core.package_identification:_identify(lab_5_assignment_1) by extension 'colcon_meta'
[0.442s] Level 1:colcon.colcon_core.package_identification:_identify(lab_5_assignment_1) by extensions ['ros']
[0.442s] Level 1:colcon.colcon_core.package_identification:_identify(lab_5_assignment_1) by extension 'ros'
[0.442s] Level 1:colcon.colcon_core.package_identification:_identify(lab_5_assignment_1) by extensions ['cmake', 'python']
[0.442s] Level 1:colcon.colcon_core.package_identification:_identify(lab_5_assignment_1) by extension 'cmake'
[0.442s] Level 1:colcon.colcon_core.package_identification:_identify(lab_5_assignment_1) by extension 'python'
[0.442s] Level 1:colcon.colcon_core.package_identification:_identify(lab_5_assignment_1) by extensions ['python_setup_py']
[0.442s] Level 1:colcon.colcon_core.package_identification:_identify(lab_5_assignment_1) by extension 'python_setup_py'
[0.442s] Level 1:colcon.colcon_core.package_identification:_identify(lab_5_assignment_1/__pycache__) by extensions ['ignore', 'ignore_ament_install']
[0.442s] Level 1:colcon.colcon_core.package_identification:_identify(lab_5_assignment_1/__pycache__) by extension 'ignore'
[0.442s] Level 1:colcon.colcon_core.package_identification:_identify(lab_5_assignment_1/__pycache__) by extension 'ignore_ament_install'
[0.442s] Level 1:colcon.colcon_core.package_identification:_identify(lab_5_assignment_1/__pycache__) by extensions ['colcon_pkg']
[0.442s] Level 1:colcon.colcon_core.package_identification:_identify(lab_5_assignment_1/__pycache__) by extension 'colcon_pkg'
[0.442s] Level 1:colcon.colcon_core.package_identification:_identify(lab_5_assignment_1/__pycache__) by extensions ['colcon_meta']
[0.442s] Level 1:colcon.colcon_core.package_identification:_identify(lab_5_assignment_1/__pycache__) by extension 'colcon_meta'
[0.442s] Level 1:colcon.colcon_core.package_identification:_identify(lab_5_assignment_1/__pycache__) by extensions ['ros']
[0.442s] Level 1:colcon.colcon_core.package_identification:_identify(lab_5_assignment_1/__pycache__) by extension 'ros'
[0.442s] Level 1:colcon.colcon_core.package_identification:_identify(lab_5_assignment_1/__pycache__) by extensions ['cmake', 'python']
[0.442s] Level 1:colcon.colcon_core.package_identification:_identify(lab_5_assignment_1/__pycache__) by extension 'cmake'
[0.443s] Level 1:colcon.colcon_core.package_identification:_identify(lab_5_assignment_1/__pycache__) by extension 'python'
[0.443s] Level 1:colcon.colcon_core.package_identification:_identify(lab_5_assignment_1/__pycache__) by extensions ['python_setup_py']
[0.443s] Level 1:colcon.colcon_core.package_identification:_identify(lab_5_assignment_1/__pycache__) by extension 'python_setup_py'
[0.443s] Level 1:colcon.colcon_core.package_identification:_identify(lab_5_assignment_2) by extensions ['ignore', 'ignore_ament_install']
[0.443s] Level 1:colcon.colcon_core.package_identification:_identify(lab_5_assignment_2) by extension 'ignore'
[0.443s] Level 1:colcon.colcon_core.package_identification:_identify(lab_5_assignment_2) by extension 'ignore_ament_install'
[0.443s] Level 1:colcon.colcon_core.package_identification:_identify(lab_5_assignment_2) by extensions ['colcon_pkg']
[0.443s] Level 1:colcon.colcon_core.package_identification:_identify(lab_5_assignment_2) by extension 'colcon_pkg'
[0.443s] Level 1:colcon.colcon_core.package_identification:_identify(lab_5_assignment_2) by extensions ['colcon_meta']
[0.443s] Level 1:colcon.colcon_core.package_identification:_identify(lab_5_assignment_2) by extension 'colcon_meta'
[0.443s] Level 1:colcon.colcon_core.package_identification:_identify(lab_5_assignment_2) by extensions ['ros']
[0.443s] Level 1:colcon.colcon_core.package_identification:_identify(lab_5_assignment_2) by extension 'ros'
[0.443s] Level 1:colcon.colcon_core.package_identification:_identify(lab_5_assignment_2) by extensions ['cmake', 'python']
[0.443s] Level 1:colcon.colcon_core.package_identification:_identify(lab_5_assignment_2) by extension 'cmake'
[0.443s] Level 1:colcon.colcon_core.package_identification:_identify(lab_5_assignment_2) by extension 'python'
[0.443s] Level 1:colcon.colcon_core.package_identification:_identify(lab_5_assignment_2) by extensions ['python_setup_py']
[0.443s] Level 1:colcon.colcon_core.package_identification:_identify(lab_5_assignment_2) by extension 'python_setup_py'
[0.444s] Level 1:colcon.colcon_core.package_identification:_identify(lab_5_assignment_2/__pycache__) by extensions ['ignore', 'ignore_ament_install']
[0.444s] Level 1:colcon.colcon_core.package_identification:_identify(lab_5_assignment_2/__pycache__) by extension 'ignore'
[0.444s] Level 1:colcon.colcon_core.package_identification:_identify(lab_5_assignment_2/__pycache__) by extension 'ignore_ament_install'
[0.444s] Level 1:colcon.colcon_core.package_identification:_identify(lab_5_assignment_2/__pycache__) by extensions ['colcon_pkg']
[0.444s] Level 1:colcon.colcon_core.package_identification:_identify(lab_5_assignment_2/__pycache__) by extension 'colcon_pkg'
[0.444s] Level 1:colcon.colcon_core.package_identification:_identify(lab_5_assignment_2/__pycache__) by extensions ['colcon_meta']
[0.444s] Level 1:colcon.colcon_core.package_identification:_identify(lab_5_assignment_2/__pycache__) by extension 'colcon_meta'
[0.444s] Level 1:colcon.colcon_core.package_identification:_identify(lab_5_assignment_2/__pycache__) by extensions ['ros']
[0.444s] Level 1:colcon.colcon_core.package_identification:_identify(lab_5_assignment_2/__pycache__) by extension 'ros'
[0.444s] Level 1:colcon.colcon_core.package_identification:_identify(lab_5_assignment_2/__pycache__) by extensions ['cmake', 'python']
[0.444s] Level 1:colcon.colcon_core.package_identification:_identify(lab_5_assignment_2/__pycache__) by extension 'cmake'
[0.444s] Level 1:colcon.colcon_core.package_identification:_identify(lab_5_assignment_2/__pycache__) by extension 'python'
[0.444s] Level 1:colcon.colcon_core.package_identification:_identify(lab_5_assignment_2/__pycache__) by extensions ['python_setup_py']
[0.444s] Level 1:colcon.colcon_core.package_identification:_identify(lab_5_assignment_2/__pycache__) by extension 'python_setup_py'
[0.444s] Level 1:colcon.colcon_core.package_identification:_identify(lab_5_assignment_3) by extensions ['ignore', 'ignore_ament_install']
[0.444s] Level 1:colcon.colcon_core.package_identification:_identify(lab_5_assignment_3) by extension 'ignore'
[0.444s] Level 1:colcon.colcon_core.package_identification:_identify(lab_5_assignment_3) by extension 'ignore_ament_install'
[0.445s] Level 1:colcon.colcon_core.package_identification:_identify(lab_5_assignment_3) by extensions ['colcon_pkg']
[0.445s] Level 1:colcon.colcon_core.package_identification:_identify(lab_5_assignment_3) by extension 'colcon_pkg'
[0.445s] Level 1:colcon.colcon_core.package_identification:_identify(lab_5_assignment_3) by extensions ['colcon_meta']
[0.445s] Level 1:colcon.colcon_core.package_identification:_identify(lab_5_assignment_3) by extension 'colcon_meta'
[0.445s] Level 1:colcon.colcon_core.package_identification:_identify(lab_5_assignment_3) by extensions ['ros']
[0.445s] Level 1:colcon.colcon_core.package_identification:_identify(lab_5_assignment_3) by extension 'ros'
[0.445s] Level 1:colcon.colcon_core.package_identification:_identify(lab_5_assignment_3) by extensions ['cmake', 'python']
[0.445s] Level 1:colcon.colcon_core.package_identification:_identify(lab_5_assignment_3) by extension 'cmake'
[0.445s] Level 1:colcon.colcon_core.package_identification:_identify(lab_5_assignment_3) by extension 'python'
[0.445s] Level 1:colcon.colcon_core.package_identification:_identify(lab_5_assignment_3) by extensions ['python_setup_py']
[0.445s] Level 1:colcon.colcon_core.package_identification:_identify(lab_5_assignment_3) by extension 'python_setup_py'
[0.445s] Level 1:colcon.colcon_core.package_identification:_identify(lab_5_assignment_3/__pycache__) by extensions ['ignore', 'ignore_ament_install']
[0.445s] Level 1:colcon.colcon_core.package_identification:_identify(lab_5_assignment_3/__pycache__) by extension 'ignore'
[0.445s] Level 1:colcon.colcon_core.package_identification:_identify(lab_5_assignment_3/__pycache__) by extension 'ignore_ament_install'
[0.445s] Level 1:colcon.colcon_core.package_identification:_identify(lab_5_assignment_3/__pycache__) by extensions ['colcon_pkg']
[0.445s] Level 1:colcon.colcon_core.package_identification:_identify(lab_5_assignment_3/__pycache__) by extension 'colcon_pkg'
[0.445s] Level 1:colcon.colcon_core.package_identification:_identify(lab_5_assignment_3/__pycache__) by extensions ['colcon_meta']
[0.445s] Level 1:colcon.colcon_core.package_identification:_identify(lab_5_assignment_3/__pycache__) by extension 'colcon_meta'
[0.446s] Level 1:colcon.colcon_core.package_identification:_identify(lab_5_assignment_3/__pycache__) by extensions ['ros']
[0.446s] Level 1:colcon.colcon_core.package_identification:_identify(lab_5_assignment_3/__pycache__) by extension 'ros'
[0.446s] Level 1:colcon.colcon_core.package_identification:_identify(lab_5_assignment_3/__pycache__) by extensions ['cmake', 'python']
[0.446s] Level 1:colcon.colcon_core.package_identification:_identify(lab_5_assignment_3/__pycache__) by extension 'cmake'
[0.446s] Level 1:colcon.colcon_core.package_identification:_identify(lab_5_assignment_3/__pycache__) by extension 'python'
[0.446s] Level 1:colcon.colcon_core.package_identification:_identify(lab_5_assignment_3/__pycache__) by extensions ['python_setup_py']
[0.446s] Level 1:colcon.colcon_core.package_identification:_identify(lab_5_assignment_3/__pycache__) by extension 'python_setup_py'
[0.446s] Level 1:colcon.colcon_core.package_identification:_identify(lab_5_assignment_4_analyze) by extensions ['ignore', 'ignore_ament_install']
[0.446s] Level 1:colcon.colcon_core.package_identification:_identify(lab_5_assignment_4_analyze) by extension 'ignore'
[0.446s] Level 1:colcon.colcon_core.package_identification:_identify(lab_5_assignment_4_analyze) by extension 'ignore_ament_install'
[0.446s] Level 1:colcon.colcon_core.package_identification:_identify(lab_5_assignment_4_analyze) by extensions ['colcon_pkg']
[0.446s] Level 1:colcon.colcon_core.package_identification:_identify(lab_5_assignment_4_analyze) by extension 'colcon_pkg'
[0.446s] Level 1:colcon.colcon_core.package_identification:_identify(lab_5_assignment_4_analyze) by extensions ['colcon_meta']
[0.446s] Level 1:colcon.colcon_core.package_identification:_identify(lab_5_assignment_4_analyze) by extension 'colcon_meta'
[0.446s] Level 1:colcon.colcon_core.package_identification:_identify(lab_5_assignment_4_analyze) by extensions ['ros']
[0.446s] Level 1:colcon.colcon_core.package_identification:_identify(lab_5_assignment_4_analyze) by extension 'ros'
[0.447s] Level 1:colcon.colcon_core.package_identification:_identify(lab_5_assignment_4_analyze) by extensions ['cmake', 'python']
[0.447s] Level 1:colcon.colcon_core.package_identification:_identify(lab_5_assignment_4_analyze) by extension 'cmake'
[0.447s] Level 1:colcon.colcon_core.package_identification:_identify(lab_5_assignment_4_analyze) by extension 'python'
[0.447s] Level 1:colcon.colcon_core.package_identification:_identify(lab_5_assignment_4_analyze) by extensions ['python_setup_py']
[0.447s] Level 1:colcon.colcon_core.package_identification:_identify(lab_5_assignment_4_analyze) by extension 'python_setup_py'
[0.447s] Level 1:colcon.colcon_core.package_identification:_identify(lab_5_assignment_4_analyze/__pycache__) by extensions ['ignore', 'ignore_ament_install']
[0.447s] Level 1:colcon.colcon_core.package_identification:_identify(lab_5_assignment_4_analyze/__pycache__) by extension 'ignore'
[0.447s] Level 1:colcon.colcon_core.package_identification:_identify(lab_5_assignment_4_analyze/__pycache__) by extension 'ignore_ament_install'
[0.447s] Level 1:colcon.colcon_core.package_identification:_identify(lab_5_assignment_4_analyze/__pycache__) by extensions ['colcon_pkg']
[0.447s] Level 1:colcon.colcon_core.package_identification:_identify(lab_5_assignment_4_analyze/__pycache__) by extension 'colcon_pkg'
[0.447s] Level 1:colcon.colcon_core.package_identification:_identify(lab_5_assignment_4_analyze/__pycache__) by extensions ['colcon_meta']
[0.447s] Level 1:colcon.colcon_core.package_identification:_identify(lab_5_assignment_4_analyze/__pycache__) by extension 'colcon_meta'
[0.447s] Level 1:colcon.colcon_core.package_identification:_identify(lab_5_assignment_4_analyze/__pycache__) by extensions ['ros']
[0.447s] Level 1:colcon.colcon_core.package_identification:_identify(lab_5_assignment_4_analyze/__pycache__) by extension 'ros'
[0.447s] Level 1:colcon.colcon_core.package_identification:_identify(lab_5_assignment_4_analyze/__pycache__) by extensions ['cmake', 'python']
[0.447s] Level 1:colcon.colcon_core.package_identification:_identify(lab_5_assignment_4_analyze/__pycache__) by extension 'cmake'
[0.447s] Level 1:colcon.colcon_core.package_identification:_identify(lab_5_assignment_4_analyze/__pycache__) by extension 'python'
[0.447s] Level 1:colcon.colcon_core.package_identification:_identify(lab_5_assignment_4_analyze/__pycache__) by extensions ['python_setup_py']
[0.447s] Level 1:colcon.colcon_core.package_identification:_identify(lab_5_assignment_4_analyze/__pycache__) by extension 'python_setup_py'
[0.448s] Level 1:colcon.colcon_core.package_identification:_identify(lab_5_assignment_4_log) by extensions ['ignore', 'ignore_ament_install']
[0.448s] Level 1:colcon.colcon_core.package_identification:_identify(lab_5_assignment_4_log) by extension 'ignore'
[0.448s] Level 1:colcon.colcon_core.package_identification:_identify(lab_5_assignment_4_log) by extension 'ignore_ament_install'
[0.448s] Level 1:colcon.colcon_core.package_identification:_identify(lab_5_assignment_4_log) by extensions ['colcon_pkg']
[0.448s] Level 1:colcon.colcon_core.package_identification:_identify(lab_5_assignment_4_log) by extension 'colcon_pkg'
[0.448s] Level 1:colcon.colcon_core.package_identification:_identify(lab_5_assignment_4_log) by extensions ['colcon_meta']
[0.448s] Level 1:colcon.colcon_core.package_identification:_identify(lab_5_assignment_4_log) by extension 'colcon_meta'
[0.448s] Level 1:colcon.colcon_core.package_identification:_identify(lab_5_assignment_4_log) by extensions ['ros']
[0.448s] Level 1:colcon.colcon_core.package_identification:_identify(lab_5_assignment_4_log) by extension 'ros'
[0.448s] Level 1:colcon.colcon_core.package_identification:_identify(lab_5_assignment_4_log) by extensions ['cmake', 'python']
[0.448s] Level 1:colcon.colcon_core.package_identification:_identify(lab_5_assignment_4_log) by extension 'cmake'
[0.448s] Level 1:colcon.colcon_core.package_identification:_identify(lab_5_assignment_4_log) by extension 'python'
[0.448s] Level 1:colcon.colcon_core.package_identification:_identify(lab_5_assignment_4_log) by extensions ['python_setup_py']
[0.448s] Level 1:colcon.colcon_core.package_identification:_identify(lab_5_assignment_4_log) by extension 'python_setup_py'
[0.448s] Level 1:colcon.colcon_core.package_identification:_identify(lab_5_assignment_4_log/__pycache__) by extensions ['ignore', 'ignore_ament_install']
[0.448s] Level 1:colcon.colcon_core.package_identification:_identify(lab_5_assignment_4_log/__pycache__) by extension 'ignore'
[0.449s] Level 1:colcon.colcon_core.package_identification:_identify(lab_5_assignment_4_log/__pycache__) by extension 'ignore_ament_install'
[0.449s] Level 1:colcon.colcon_core.package_identification:_identify(lab_5_assignment_4_log/__pycache__) by extensions ['colcon_pkg']
[0.449s] Level 1:colcon.colcon_core.package_identification:_identify(lab_5_assignment_4_log/__pycache__) by extension 'colcon_pkg'
[0.449s] Level 1:colcon.colcon_core.package_identification:_identify(lab_5_assignment_4_log/__pycache__) by extensions ['colcon_meta']
[0.449s] Level 1:colcon.colcon_core.package_identification:_identify(lab_5_assignment_4_log/__pycache__) by extension 'colcon_meta'
[0.449s] Level 1:colcon.colcon_core.package_identification:_identify(lab_5_assignment_4_log/__pycache__) by extensions ['ros']
[0.449s] Level 1:colcon.colcon_core.package_identification:_identify(lab_5_assignment_4_log/__pycache__) by extension 'ros'
[0.449s] Level 1:colcon.colcon_core.package_identification:_identify(lab_5_assignment_4_log/__pycache__) by extensions ['cmake', 'python']
[0.449s] Level 1:colcon.colcon_core.package_identification:_identify(lab_5_assignment_4_log/__pycache__) by extension 'cmake'
[0.449s] Level 1:colcon.colcon_core.package_identification:_identify(lab_5_assignment_4_log/__pycache__) by extension 'python'
[0.449s] Level 1:colcon.colcon_core.package_identification:_identify(lab_5_assignment_4_log/__pycache__) by extensions ['python_setup_py']
[0.449s] Level 1:colcon.colcon_core.package_identification:_identify(lab_5_assignment_4_log/__pycache__) by extension 'python_setup_py'
[0.449s] Level 1:colcon.colcon_core.package_identification:_identify(lab_6_assignment_1) by extensions ['ignore', 'ignore_ament_install']
[0.449s] Level 1:colcon.colcon_core.package_identification:_identify(lab_6_assignment_1) by extension 'ignore'
[0.449s] Level 1:colcon.colcon_core.package_identification:_identify(lab_6_assignment_1) by extension 'ignore_ament_install'
[0.449s] Level 1:colcon.colcon_core.package_identification:_identify(lab_6_assignment_1) by extensions ['colcon_pkg']
[0.449s] Level 1:colcon.colcon_core.package_identification:_identify(lab_6_assignment_1) by extension 'colcon_pkg'
[0.449s] Level 1:colcon.colcon_core.package_identification:_identify(lab_6_assignment_1) by extensions ['colcon_meta']
[0.450s] Level 1:colcon.colcon_core.package_identification:_identify(lab_6_assignment_1) by extension 'colcon_meta'
[0.450s] Level 1:colcon.colcon_core.package_identification:_identify(lab_6_assignment_1) by extensions ['ros']
[0.450s] Level 1:colcon.colcon_core.package_identification:_identify(lab_6_assignment_1) by extension 'ros'
[0.450s] Level 1:colcon.colcon_core.package_identification:_identify(lab_6_assignment_1) by extensions ['cmake', 'python']
[0.450s] Level 1:colcon.colcon_core.package_identification:_identify(lab_6_assignment_1) by extension 'cmake'
[0.450s] Level 1:colcon.colcon_core.package_identification:_identify(lab_6_assignment_1) by extension 'python'
[0.450s] Level 1:colcon.colcon_core.package_identification:_identify(lab_6_assignment_1) by extensions ['python_setup_py']
[0.450s] Level 1:colcon.colcon_core.package_identification:_identify(lab_6_assignment_1) by extension 'python_setup_py'
[0.450s] Level 1:colcon.colcon_core.package_identification:_identify(log) by extensions ['ignore', 'ignore_ament_install']
[0.450s] Level 1:colcon.colcon_core.package_identification:_identify(log) by extension 'ignore'
[0.450s] Level 1:colcon.colcon_core.package_identification:_identify(log) ignored
[0.450s] Level 1:colcon.colcon_core.package_discovery:discover_packages(recursive) using defaults
[0.450s] Level 1:colcon.colcon_core.package_discovery:discover_packages(ignore) discover
[0.450s] Level 1:colcon.colcon_core.package_discovery:discover_packages(ignore) using defaults
[0.450s] Level 1:colcon.colcon_core.package_discovery:discover_packages(path) discover
[0.450s] Level 1:colcon.colcon_core.package_discovery:discover_packages(path) using defaults
[0.451s] WARNING:colcon.colcon_core.package_selection:ignoring unknown package 'prob_rob_labs' in --packages-select
[0.526s] Level 1:colcon.colcon_core.package_discovery:discover_packages(prefix_path) check parameters
[0.526s] Level 1:colcon.colcon_core.package_discovery:discover_packages(prefix_path) discover
[0.530s] DEBUG:colcon.colcon_installed_package_information.package_discovery:Found 7 installed packages in /run/host/workdir/local_dk3397/ros2_ws/install
[0.532s] DEBUG:colcon.colcon_installed_package_information.package_discovery:Found 434 installed packages in /opt/ros/humble
[0.535s] Level 1:colcon.colcon_core.package_discovery:discover_packages(prefix_path) using defaults
[0.611s] INFO:colcon.colcon_core.executor:Executing jobs using 'parallel' executor
[0.613s] DEBUG:colcon.colcon_parallel_executor.executor.parallel:run_until_complete
[0.613s] DEBUG:colcon.colcon_parallel_executor.executor.parallel:closing loop
[0.614s] DEBUG:colcon.colcon_parallel_executor.executor.parallel:loop closed
[0.614s] DEBUG:colcon.colcon_parallel_executor.executor.parallel:run_until_complete finished with '0'
[0.614s] DEBUG:colcon.colcon_core.event_reactor:joining thread
[0.622s] INFO:colcon.colcon_core.plugin_system:Skipping extension 'colcon_notification.desktop_notification.notify_send': Could not find 'notify-send'
[0.622s] INFO:colcon.colcon_core.plugin_system:Skipping extension 'colcon_notification.desktop_notification.terminal_notifier': Not used on non-Darwin systems
[0.622s] INFO:colcon.colcon_core.plugin_system:Skipping extension 'colcon_notification.desktop_notification.win32': Not used on non-Windows systems
[0.622s] INFO:colcon.colcon_notification.desktop_notification:Sending desktop notification using 'notify2'
[0.627s] DEBUG:colcon.colcon_core.event_reactor:joined thread
[0.630s] INFO:colcon.colcon_core.plugin_system:Skipping extension 'colcon_core.shell.bat': Not used on non-Windows systems
[0.631s] INFO:colcon.colcon_core.shell:Creating prefix script '/run/host/workdir/local_dk3397/ros2_ws/src/prob_rob_labs_ros_2/prob_rob_labs/src/install/local_setup.ps1'
[0.632s] INFO:colcon.colcon_core.shell:Creating prefix util module '/run/host/workdir/local_dk3397/ros2_ws/src/prob_rob_labs_ros_2/prob_rob_labs/src/install/_local_setup_util_ps1.py'
[0.634s] INFO:colcon.colcon_core.shell:Creating prefix chain script '/run/host/workdir/local_dk3397/ros2_ws/src/prob_rob_labs_ros_2/prob_rob_labs/src/install/setup.ps1'
[0.636s] INFO:colcon.colcon_core.shell:Creating prefix script '/run/host/workdir/local_dk3397/ros2_ws/src/prob_rob_labs_ros_2/prob_rob_labs/src/install/local_setup.sh'
[0.637s] INFO:colcon.colcon_core.shell:Creating prefix util module '/run/host/workdir/local_dk3397/ros2_ws/src/prob_rob_labs_ros_2/prob_rob_labs/src/install/_local_setup_util_sh.py'
[0.638s] INFO:colcon.colcon_core.shell:Creating prefix chain script '/run/host/workdir/local_dk3397/ros2_ws/src/prob_rob_labs_ros_2/prob_rob_labs/src/install/setup.sh'
[0.640s] INFO:colcon.colcon_core.shell:Creating prefix script '/run/host/workdir/local_dk3397/ros2_ws/src/prob_rob_labs_ros_2/prob_rob_labs/src/install/local_setup.bash'
[0.641s] INFO:colcon.colcon_core.shell:Creating prefix chain script '/run/host/workdir/local_dk3397/ros2_ws/src/prob_rob_labs_ros_2/prob_rob_labs/src/install/setup.bash'
[0.643s] INFO:colcon.colcon_core.shell:Creating prefix script '/run/host/workdir/local_dk3397/ros2_ws/src/prob_rob_labs_ros_2/prob_rob_labs/src/install/local_setup.zsh'
[0.643s] INFO:colcon.colcon_core.shell:Creating prefix chain script '/run/host/workdir/local_dk3397/ros2_ws/src/prob_rob_labs_ros_2/prob_rob_labs/src/install/setup.zsh'
